
  ___  ____  ____  ____  ____ (R)
 /__    /   ____/   /   ____/
___/   /   /___/   /   /___/   15.1   Copyright 1985-2017 StataCorp LLC
  Statistics/Data Analysis            StataCorp
                                      4905 Lakeway Drive
     MP - Parallel Edition            College Station, Texas 77845 USA
                                      800-STATA-PC        http://www.stata.com
                                      979-696-4600        stata@stata.com
                                      979-696-4601 (fax)

4-user 10-core Stata network perpetual license:
       Serial number:  501506301003
         Licensed to:  Department of Economics
                       University of Illinois

Notes:
      1.  Stata is running in batch mode.
      2.  Unicode is supported; see help unicode_advice.
      3.  More than 2 billion observations are allowed; see help obs_advice.
      4.  Maximum number of variables is set to 5000; see help set_maxvar.

. do "7_Table9_bacon_decomp.do" 

. set more off

. clear all

. set matsize 11000

. 
. 
. *** Set WD
. if c(username)=="nlb75" {
. cd  "/Users/nlb75/Dropbox/Research/gambling"
. }

. else if c(username)=="ham_andres" {
. cd  "/Users/ham_andres/Dropbox/research/nico/gambling"
. }

. else {
.         cd  "~/Dropbox/Phd Illinois/Research/gambling/"
/home/srmntbr2/Dropbox/Phd Illinois/Research/gambling
.         global path_tables  "~/Dropbox/Apps/ShareLaTeX/Gambling/material/Tabl
> es/ihs/_raw"
.         global path_figures  "~/Dropbox/Apps/ShareLaTeX/Gambling/material/Fig
> ures/ihs"
. }

. 
. use data/prepared_data.dta, clear

. 
. xtset id time
       panel variable:  id (strongly balanced)
        time variable:  time, 1 to 127
                delta:  1 unit

. 
. * ACS Controls
. *global ACS  population popdensity   hh_units pop_15_35_p white_p  black_p hh
> _vacant_p renter_p
. *global ACS "c.population_2000#c.time c.black_2000#c.time c.hispanic_2000#c.t
> ime c.pop_15_35_2000#c.time c.hh_vacant_2000#c.time"
. global ACS "c.pop_density_2000#c.time c.med_age_2000#c.time c.black_2000_p#c.
> time c.hispanic_2000_p#c.time c.hh_vacant_2000_p#c.time c.renter_p#c.time"

. 
. 
. gen ihs_violent=asinh(violent)

. gen ihs_property=asinh(property)

. 
. 
. 
. xtreg ihs_violent  within2   i.time ,  fe vce(robust)

Fixed-effects (within) regression               Number of obs     =    120,777
Group variable: id                              Number of groups  =        951

R-sq:                                           Obs per group:
     within  = 0.0416                                         min =        127
     between = 0.0210                                         avg =      127.0
     overall = 0.0195                                         max =        127

                                                F(127,950)        =      13.27
corr(u_i, Xb)  = -0.0106                        Prob > F          =     0.0000

                                   (Std. Err. adjusted for 951 clusters in id)
------------------------------------------------------------------------------
             |               Robust
 ihs_violent |      Coef.   Std. Err.      t    P>|t|     [95% Conf. Interval]
-------------+----------------------------------------------------------------
     within2 |   .0649536   .0125987     5.16   0.000     .0402291    .0896782
             |
        time |
          2  |  -.1216947   .0245426    -4.96   0.000    -.1698587   -.0735307
          3  |   -.021482    .025283    -0.85   0.396     -.071099     .028135
          4  |   .0500259   .0258995     1.93   0.054    -.0008009    .1008527
          5  |   .0706117   .0255747     2.76   0.006     .0204224    .1208011
          6  |   .1134908   .0258191     4.40   0.000     .0628217    .1641599
          7  |   .1409094   .0270298     5.21   0.000     .0878643    .1939545
          8  |   .0991085    .025272     3.92   0.000      .049513     .148704
          9  |   .0472076    .026552     1.78   0.076    -.0048997    .0993149
         10  |   .0970439   .0268475     3.61   0.000     .0443565    .1497312
         11  |   .0275061   .0266844     1.03   0.303    -.0248612    .0798733
         12  |  -.0025008   .0258298    -0.10   0.923    -.0531908    .0481892
         13  |  -.0827558    .025452    -3.25   0.001    -.1327045   -.0328071
         14  |  -.2207154   .0242117    -9.12   0.000    -.2682299   -.1732008
         15  |   .0219452   .0259928     0.84   0.399    -.0290647    .0729551
         16  |  -.0022926   .0270818    -0.08   0.933    -.0554396    .0508544
         17  |   .0831143   .0263545     3.15   0.002     .0313945    .1348341
         18  |   .0944117   .0264954     3.56   0.000     .0424156    .1464079
         19  |   .1129353   .0274903     4.11   0.000     .0589865    .1668841
         20  |   .1036311   .0261349     3.97   0.000     .0523423    .1549199
         21  |   .0744797   .0262881     2.83   0.005     .0228903    .1260691
         22  |   .0715823   .0262184     2.73   0.006     .0201297    .1230349
         23  |  -.0284425    .025131    -1.13   0.258    -.0777612    .0208762
         24  |  -.0477804   .0262196    -1.82   0.069    -.0992354    .0036745
         25  |  -.0670526   .0253613    -2.64   0.008    -.1168233   -.0172818
         26  |  -.1548294   .0262401    -5.90   0.000    -.2063245   -.1033342
         27  |  -.0039962   .0252532    -0.16   0.874    -.0535546    .0455623
         28  |   .0482991   .0258809     1.87   0.062    -.0024911    .0990894
         29  |   .0887906   .0263721     3.37   0.001     .0370362    .1405449
         30  |   .0988149   .0268819     3.68   0.000     .0460601    .1515697
         31  |     .16125   .0268115     6.01   0.000     .1086333    .2138667
         32  |   .1347452   .0272724     4.94   0.000     .0812241    .1882663
         33  |    .134912   .0272466     4.95   0.000     .0814415    .1883824
         34  |   .0982967   .0263954     3.72   0.000     .0464967    .1500967
         35  |   .0170042   .0261985     0.65   0.516    -.0344094    .0684179
         36  |   -.031446   .0263005    -1.20   0.232    -.0830598    .0201678
         37  |  -.0526403   .0267254    -1.97   0.049    -.1050879   -.0001927
         38  |  -.1248872   .0259072    -4.82   0.000    -.1757291   -.0740453
         39  |   .0312846   .0261702     1.20   0.232    -.0200735    .0826428
         40  |   .0155782   .0261875     0.59   0.552    -.0358139    .0669702
         41  |   .0684525   .0262843     2.60   0.009     .0168704    .1200345
         42  |   .0716721   .0270007     2.65   0.008     .0186843      .12466
         43  |   .1332962   .0263755     5.05   0.000     .0815352    .1850573
         44  |   .0821201   .0270357     3.04   0.002     .0290635    .1351767
         45  |   .0631218   .0254475     2.48   0.013     .0131819    .1130616
         46  |  -.0134951   .0266438    -0.51   0.613    -.0657827    .0387925
         47  |  -.0028619   .0255411    -0.11   0.911    -.0529853    .0472616
         48  |  -.0837098   .0267185    -3.13   0.002    -.1361439   -.0312757
         49  |  -.0860444   .0258893    -3.32   0.001    -.1368511   -.0352377
         50  |  -.2108439   .0250766    -8.41   0.000    -.2600558    -.161632
         51  |  -.0411233   .0261269    -1.57   0.116    -.0923965    .0101498
         52  |   -.001384   .0253015    -0.05   0.956    -.0510372    .0482692
         53  |   .0248273   .0257933     0.96   0.336    -.0257911    .0754457
         54  |    .017111   .0264776     0.65   0.518    -.0348503    .0690724
         55  |   .0409651    .025961     1.58   0.115    -.0099824    .0919125
         56  |   .0040392   .0264921     0.15   0.879    -.0479505     .056029
         57  |  -.0294079   .0262797    -1.12   0.263    -.0809807     .022165
         58  |   .0535631   .0269188     1.99   0.047     .0007359    .1063903
         59  |   -.066619   .0266263    -2.50   0.013     -.118872   -.0143659
         60  |  -.1239906    .025819    -4.80   0.000    -.1746594   -.0733217
         61  |  -.1341656   .0246344    -5.45   0.000    -.1825098   -.0858215
         62  |  -.2561487   .0254399   -10.07   0.000    -.3060735   -.2062238
         63  |  -.1032579   .0252989    -4.08   0.000    -.1529061   -.0536097
         64  |  -.0894245   .0265782    -3.36   0.001    -.1415833   -.0372656
         65  |  -.0282946    .026484    -1.07   0.286    -.0802685    .0236792
         66  |   .0035623   .0263011     0.14   0.892    -.0480526    .0551773
         67  |   .0597204   .0260497     2.29   0.022     .0085988    .1108421
         68  |  -.0032561   .0268413    -0.12   0.903    -.0559313     .049419
         69  |  -.0172779   .0252898    -0.68   0.495    -.0669083    .0323524
         70  |  -.0144801   .0259214    -0.56   0.577      -.06535    .0363898
         71  |  -.0880568   .0266173    -3.31   0.001    -.1402923   -.0358212
         72  |  -.0661533   .0267665    -2.47   0.014    -.1186817    -.013625
         73  |  -.1678233   .0262843    -6.38   0.000    -.2194053   -.1162412
         74  |  -.2682058   .0254732   -10.53   0.000     -.318196   -.2182157
         75  |  -.1043485   .0259146    -4.03   0.000    -.1552051   -.0534919
         76  |  -.1441635   .0250929    -5.75   0.000    -.1934074   -.0949196
         77  |  -.0226541   .0257075    -0.88   0.378    -.0731043     .027796
         78  |   .0064325   .0262964     0.24   0.807    -.0451733    .0580383
         79  |   .0548944   .0259998     2.11   0.035     .0038706    .1059182
         80  |  -.0116926   .0263043    -0.44   0.657    -.0633139    .0399287
         81  |  -.0473522   .0260432    -1.82   0.069    -.0984611    .0037567
         82  |  -.0350371   .0264259    -1.33   0.185     -.086897    .0168229
         83  |   -.112109   .0260238    -4.31   0.000    -.1631798   -.0610381
         84  |  -.0899177    .025829    -3.48   0.001    -.1406061   -.0392292
         85  |  -.1764567   .0251568    -7.01   0.000     -.225826   -.1270875
         86  |  -.2771646   .0256468   -10.81   0.000    -.3274956   -.2268336
         87  |  -.1986104   .0260348    -7.63   0.000    -.2497028   -.1475181
         88  |  -.2014972   .0250401    -8.05   0.000    -.2506376   -.1523569
         89  |  -.1425775   .0260911    -5.46   0.000    -.1937805   -.0913746
         90  |  -.0974318   .0262696    -3.71   0.000     -.148985   -.0458786
         91  |  -.0639122   .0263811    -2.42   0.016    -.1156841   -.0121402
         92  |  -.0856644   .0260183    -3.29   0.001    -.1367243   -.0346045
         93  |  -.1276416   .0258983    -4.93   0.000     -.178466   -.0768172
         94  |  -.1685014   .0258211    -6.53   0.000    -.2191745   -.1178284
         95  |  -.2185555   .0253638    -8.62   0.000    -.2683311   -.1687799
         96  |  -.1876076    .026422    -7.10   0.000    -.2394599   -.1357553
         97  |  -.3010801   .0252254   -11.94   0.000     -.350584   -.2515763
         98  |  -.3601265   .0255815   -14.08   0.000    -.4103293   -.3099236
         99  |   -.349539    .025775   -13.56   0.000    -.4001215   -.2989564
        100  |  -.1956857   .0256195    -7.64   0.000    -.2459631   -.1454083
        101  |   -.154706   .0252599    -6.12   0.000    -.2042776   -.1051343
        102  |  -.1525463   .0255374    -5.97   0.000    -.2026626     -.10243
        103  |  -.1253206   .0254343    -4.93   0.000    -.1752345   -.0754068
        104  |  -.1344693   .0257553    -5.22   0.000    -.1850132   -.0839254
        105  |  -.1956942    .025969    -7.54   0.000    -.2466573    -.144731
        106  |  -.1576389   .0258121    -6.11   0.000    -.2082942   -.1069835
        107  |  -.2522858   .0262836    -9.60   0.000    -.3038665   -.2007051
        108  |  -.1967632    .026495    -7.43   0.000    -.2487587   -.1447677
        109  |  -.2771991   .0261214   -10.61   0.000    -.3284613   -.2259368
        110  |  -.4103134   .0250502   -16.38   0.000    -.4594736   -.3611532
        111  |  -.2520424   .0253281    -9.95   0.000    -.3017478    -.202337
        112  |  -.1936169   .0257837    -7.51   0.000    -.2442164   -.1430173
        113  |  -.1249149   .0260292    -4.80   0.000    -.1759963   -.0738335
        114  |  -.1528547   .0260205    -5.87   0.000    -.2039189   -.1017905
        115  |  -.0928893   .0272152    -3.41   0.001    -.1462982   -.0394804
        116  |  -.1216223   .0258979    -4.70   0.000     -.172446   -.0707986
        117  |  -.1477187   .0259517    -5.69   0.000    -.1986479   -.0967895
        118  |  -.1160152   .0267021    -4.34   0.000    -.1684171   -.0636132
        119  |  -.1868216   .0258014    -7.24   0.000    -.2374559   -.1361873
        120  |  -.1143509   .0264371    -4.33   0.000    -.1662328    -.062469
        121  |  -.1400964   .0268202    -5.22   0.000    -.1927302   -.0874627
        122  |  -.2581841   .0268899    -9.60   0.000    -.3109547   -.2054136
        123  |  -.1890838   .0265621    -7.12   0.000    -.2412111   -.1369565
        124  |   -.194192   .0267023    -7.27   0.000    -.2465943   -.1417898
        125  |  -.0661103   .0267264    -2.47   0.014    -.1185598   -.0136608
        126  |  -.0854179   .0254749    -3.35   0.001    -.1354114   -.0354243
        127  |  -.0399806   .0274815    -1.45   0.146    -.0939121    .0139509
             |
       _cons |   .7750884   .0184037    42.12   0.000     .7389718    .8112049
-------------+----------------------------------------------------------------
     sigma_u |  .55659622
     sigma_e |  .56443204
         rho |  .49301048   (fraction of variance due to u_i)
------------------------------------------------------------------------------

. bacondecomp ihs_violent  within2, ddetail
Calculating treatment times...
Calculating weights...
Estimating 2x2 diff-in-diff regressions...

Diff-in-diff estimate: 0.065    

DD Comparison              Weight      Avg DD Est
-------------------------------------------------
Earlier T vs. Later C       0.051          -0.022
Later T vs. Earlier C       0.011           0.025
T vs. Never treated         0.937           0.070
-------------------------------------------------
T = Treatment; C = Control

. 
. xtreg ihs_property  within2   i.time , fe vce(robust)

Fixed-effects (within) regression               Number of obs     =    120,777
Group variable: id                              Number of groups  =        951

R-sq:                                           Obs per group:
     within  = 0.1009                                         min =        127
     between = 0.0269                                         avg =      127.0
     overall = 0.0505                                         max =        127

                                                F(127,950)        =      45.53
corr(u_i, Xb)  = -0.0063                        Prob > F          =     0.0000

                                   (Std. Err. adjusted for 951 clusters in id)
------------------------------------------------------------------------------
             |               Robust
ihs_property |      Coef.   Std. Err.      t    P>|t|     [95% Conf. Interval]
-------------+----------------------------------------------------------------
     within2 |   .0625141   .0158663     3.94   0.000     .0313771    .0936511
             |
        time |
          2  |  -.1633934   .0285319    -5.73   0.000    -.2193863   -.1074005
          3  |   -.023811   .0281258    -0.85   0.397    -.0790069    .0313848
          4  |  -.0715858   .0284082    -2.52   0.012    -.1273358   -.0158358
          5  |   .0201322   .0283075     0.71   0.477    -.0354203    .0756848
          6  |   .0189282   .0281067     0.67   0.501    -.0362303    .0740866
          7  |   .1200258   .0296069     4.05   0.000     .0619233    .1781284
          8  |   .0949275   .0284614     3.34   0.001      .039073    .1507821
          9  |   .0022035   .0286195     0.08   0.939    -.0539613    .0583682
         10  |   .0554782   .0271957     2.04   0.042     .0021076    .1088489
         11  |  -.0048873   .0285592    -0.17   0.864    -.0609336    .0511591
         12  |   -.049375   .0291954    -1.69   0.091    -.1066699      .00792
         13  |  -.0785326   .0290942    -2.70   0.007     -.135629   -.0214363
         14  |  -.3181076   .0279459   -11.38   0.000    -.3729505   -.2632648
         15  |  -.0742739   .0283839    -2.62   0.009    -.1299764   -.0185714
         16  |  -.0332978   .0292451    -1.14   0.255    -.0906904    .0240948
         17  |   .0285722   .0278415     1.03   0.305    -.0260656    .0832101
         18  |   .0367077   .0291422     1.26   0.208    -.0204828    .0938981
         19  |   .1298518   .0275732     4.71   0.000     .0757403    .1839633
         20  |   .1355671    .028384     4.78   0.000     .0798645    .1912698
         21  |   .0114651    .029058     0.39   0.693    -.0455603    .0684904
         22  |   .1139561   .0278741     4.09   0.000     .0592543     .168658
         23  |  -.0017647   .0289913    -0.06   0.951    -.0586591    .0551297
         24  |  -.0918519   .0296202    -3.10   0.002    -.1499805   -.0337232
         25  |  -.0702656    .028653    -2.45   0.014     -.126496   -.0140351
         26  |  -.2770532   .0291458    -9.51   0.000    -.3342507   -.2198557
         27  |  -.0862775   .0297792    -2.90   0.004    -.1447181   -.0278369
         28  |  -.0277885   .0280372    -0.99   0.322    -.0828106    .0272336
         29  |   .0290724    .028772     1.01   0.313    -.0273916    .0855364
         30  |   .1028687   .0278145     3.70   0.000     .0482838    .1574536
         31  |   .1749929   .0285979     6.12   0.000     .1188706    .2311153
         32  |   .1603109   .0295873     5.42   0.000     .1022469    .2183749
         33  |   .1392003   .0285812     4.87   0.000     .0831107    .1952898
         34  |   .1515639   .0285141     5.32   0.000     .0956059    .2075218
         35  |   .0554737   .0290995     1.91   0.057     -.001633    .1125804
         36  |  -.0692923    .029854    -2.32   0.020    -.1278797   -.0107048
         37  |   -.172732    .028349    -6.09   0.000    -.2283659   -.1170982
         38  |  -.2690864   .0289882    -9.28   0.000    -.3259748    -.212198
         39  |  -.0928168   .0291522    -3.18   0.002    -.1500269   -.0356066
         40  |  -.0857643   .0290383    -2.95   0.003    -.1427509   -.0287778
         41  |  -.0215881   .0286226    -0.75   0.451     -.077759    .0345828
         42  |  -.0229291    .030589    -0.75   0.454    -.0829589    .0371007
         43  |   .0774143   .0296793     2.61   0.009     .0191698    .1356589
         44  |   .0726766   .0290913     2.50   0.013     .0155861    .1297672
         45  |   .0219638   .0298604     0.74   0.462    -.0366363    .0805638
         46  |   .0217495   .0284997     0.76   0.446    -.0341802    .0776793
         47  |   .0088845   .0297789     0.30   0.766    -.0495555    .0673245
         48  |   -.066525   .0283428    -2.35   0.019    -.1221468   -.0109032
         49  |  -.1039389   .0288642    -3.60   0.000    -.1605839   -.0472939
         50  |   -.321264   .0289079   -11.11   0.000    -.3779948   -.2645332
         51  |  -.1106995   .0293772    -3.77   0.000    -.1683513   -.0530477
         52  |  -.0885411    .029225    -3.03   0.003    -.1458941   -.0311881
         53  |  -.0196316   .0299705    -0.66   0.513    -.0784477    .0391845
         54  |   .0071723   .0291423     0.25   0.806    -.0500186    .0643631
         55  |  -.0089425   .0296041    -0.30   0.763    -.0670394    .0491545
         56  |   .0552419   .0290302     1.90   0.057    -.0017289    .1122127
         57  |   -.011971   .0282067    -0.42   0.671    -.0673257    .0433837
         58  |   .0255288   .0282697     0.90   0.367    -.0299495    .0810072
         59  |  -.0670329   .0285684    -2.35   0.019    -.1230974   -.0109684
         60  |  -.1139638   .0305715    -3.73   0.000    -.1739593   -.0539682
         61  |  -.1277702   .0294878    -4.33   0.000    -.1856389   -.0699016
         62  |  -.3625533   .0309195   -11.73   0.000    -.4232316    -.301875
         63  |  -.0959618   .0300698    -3.19   0.001    -.1549727    -.036951
         64  |  -.0728542   .0291565    -2.50   0.013    -.1300729   -.0156355
         65  |  -.0041804   .0291928    -0.14   0.886    -.0614703    .0531095
         66  |    .011709    .028568     0.41   0.682    -.0443546    .0677726
         67  |   .0586277   .0290938     2.02   0.044     .0015321    .1157232
         68  |   .0654847   .0284601     2.30   0.022     .0096327    .1213367
         69  |   .0216002   .0279012     0.77   0.439    -.0331548    .0763553
         70  |   .0230002   .0280599     0.82   0.413    -.0320664    .0780668
         71  |   .0032031   .0283391     0.11   0.910    -.0524114    .0588176
         72  |  -.0464328   .0293581    -1.58   0.114     -.104047    .0111813
         73  |   -.143941   .0283029    -5.09   0.000    -.1994844   -.0883977
         74  |  -.2871221   .0303596    -9.46   0.000    -.3467017   -.2275424
         75  |  -.1894196   .0290873    -6.51   0.000    -.2465025   -.1323368
         76  |  -.1289981   .0302041    -4.27   0.000    -.1882726   -.0697237
         77  |  -.0762949   .0296057    -2.58   0.010     -.134395   -.0181948
         78  |  -.0689326   .0290255    -2.37   0.018    -.1258941   -.0119711
         79  |  -.0559177   .0296345    -1.89   0.059    -.1140744     .002239
         80  |  -.0173905   .0288607    -0.60   0.547    -.0740285    .0392475
         81  |   -.106711   .0295959    -3.61   0.000    -.1647919   -.0486302
         82  |  -.0834135   .0297281    -2.81   0.005    -.1417538   -.0250733
         83  |  -.1364726   .0303449    -4.50   0.000    -.1960234   -.0769218
         84  |  -.1600953   .0300149    -5.33   0.000    -.2189985   -.1011921
         85  |  -.2001185   .0292493    -6.84   0.000    -.2575192   -.1427178
         86  |  -.3537685   .0290985   -12.16   0.000    -.4108733   -.2966637
         87  |  -.2678292   .0294223    -9.10   0.000    -.3255695    -.210089
         88  |  -.2758067   .0302594    -9.11   0.000    -.3351897   -.2164236
         89  |  -.2272214   .0290436    -7.82   0.000    -.2842185   -.1702244
         90  |  -.2480815    .029351    -8.45   0.000    -.3056818   -.1904812
         91  |  -.1380342   .0297108    -4.65   0.000    -.1963406   -.0797277
         92  |   -.148337   .0294859    -5.03   0.000     -.206202    -.090472
         93  |  -.1770387   .0294763    -6.01   0.000     -.234885   -.1191925
         94  |  -.2538729   .0289405    -8.77   0.000    -.3106676   -.1970782
         95  |  -.2844512   .0301199    -9.44   0.000    -.3435605    -.225342
         96  |  -.3411869   .0297396   -11.47   0.000    -.3995499    -.282824
         97  |  -.5002552   .0296986   -16.84   0.000    -.5585376   -.4419728
         98  |  -.5753266   .0300654   -19.14   0.000    -.6343288   -.5163244
         99  |  -.4392994   .0310452   -14.15   0.000    -.5002246   -.3783743
        100  |  -.4588206   .0289625   -15.84   0.000    -.5156585   -.4019827
        101  |  -.4350492   .0305003   -14.26   0.000     -.494905   -.3751934
        102  |  -.3626512   .0305592   -11.87   0.000    -.4226224   -.3026799
        103  |  -.2672108   .0307125    -8.70   0.000    -.3274829   -.2069386
        104  |  -.3614071   .0309692   -11.67   0.000    -.4221831   -.3006312
        105  |  -.3588024   .0306245   -11.72   0.000     -.418902   -.2987028
        106  |  -.3181335   .0304686   -10.44   0.000    -.3779271   -.2583398
        107  |  -.4730977   .0299117   -15.82   0.000    -.5317984   -.4143971
        108  |  -.4244453    .030565   -13.89   0.000     -.484428   -.3644627
        109  |  -.5212692   .0306455   -17.01   0.000    -.5814099   -.4611286
        110  |  -.7923921   .0312791   -25.33   0.000    -.8537763    -.731008
        111  |  -.5828662   .0308642   -18.88   0.000    -.6434362   -.5222962
        112  |  -.5698994   .0302929   -18.81   0.000    -.6293481   -.5104507
        113  |  -.4412485   .0299236   -14.75   0.000    -.4999725   -.3825245
        114  |   -.447492    .031067   -14.40   0.000    -.5084598   -.3865241
        115  |  -.4295496   .0306886   -14.00   0.000    -.4897748   -.3693244
        116  |  -.4123903   .0312891   -13.18   0.000     -.473794   -.3509865
        117  |   -.443188   .0311394   -14.23   0.000     -.504298    -.382078
        118  |  -.4415137   .0313864   -14.07   0.000    -.5031084    -.379919
        119  |  -.5069923   .0303636   -16.70   0.000    -.5665797   -.4474048
        120  |  -.4197353   .0309169   -13.58   0.000    -.4804087    -.359062
        121  |  -.5051502   .0324081   -15.59   0.000    -.5687499   -.4415504
        122  |  -.6710183   .0312181   -21.49   0.000    -.7322827    -.609754
        123  |  -.6133867   .0310883   -19.73   0.000    -.6743963   -.5523771
        124  |  -.6631808   .0304675   -21.77   0.000    -.7229723   -.6033894
        125  |  -.5504508   .0304974   -18.05   0.000    -.6103008   -.4906007
        126  |  -.4459841   .0306946   -14.53   0.000    -.5062212    -.385747
        127  |  -.3714688   .0305165   -12.17   0.000    -.4313564   -.3115812
             |
       _cons |   1.791265    .020994    85.32   0.000     1.750065    1.832465
-------------+----------------------------------------------------------------
     sigma_u |  .64227128
     sigma_e |  .63399771
         rho |  .50648235   (fraction of variance due to u_i)
------------------------------------------------------------------------------

. bacondecomp ihs_property within2 , ddetail
Calculating treatment times...
Calculating weights...
Estimating 2x2 diff-in-diff regressions...

Diff-in-diff estimate: 0.063    

DD Comparison              Weight      Avg DD Est
-------------------------------------------------
Earlier T vs. Later C       0.051           0.043
Later T vs. Earlier C       0.011          -0.034
T vs. Never treated         0.937           0.065
-------------------------------------------------
T = Treatment; C = Control

. 
. 
. 
. xtreg ihs_violent  within2  mindistrb mindistrb2 i.time ,  fe vce(robust)

Fixed-effects (within) regression               Number of obs     =    120,777
Group variable: id                              Number of groups  =        951

R-sq:                                           Obs per group:
     within  = 0.0442                                         min =        127
     between = 0.0363                                         avg =      127.0
     overall = 0.0312                                         max =        127

                                                F(129,950)        =      14.90
corr(u_i, Xb)  = 0.0314                         Prob > F          =     0.0000

                                   (Std. Err. adjusted for 951 clusters in id)
------------------------------------------------------------------------------
             |               Robust
 ihs_violent |      Coef.   Std. Err.      t    P>|t|     [95% Conf. Interval]
-------------+----------------------------------------------------------------
     within2 |   .0785587   .0122752     6.40   0.000      .054469    .1026483
   mindistrb |  -.0020581   .0032532    -0.63   0.527    -.0084425    .0043263
  mindistrb2 |  -.0000611   .0000711    -0.86   0.390    -.0002005    .0000784
             |
        time |
          2  |  -.1216947   .0245428    -4.96   0.000    -.1698591   -.0735303
          3  |   -.021482   .0252832    -0.85   0.396    -.0710995    .0281354
          4  |   .0500259   .0258997     1.93   0.054    -.0008013    .1008531
          5  |   .0706117   .0255749     2.76   0.006     .0204219    .1208015
          6  |   .1134908   .0258193     4.40   0.000     .0628213    .1641603
          7  |   .1409094     .02703     5.21   0.000     .0878639    .1939549
          8  |   .0991085   .0252723     3.92   0.000     .0495126    .1487044
          9  |   .0472076   .0265522     1.78   0.076    -.0049002    .0993153
         10  |   .0970439   .0268478     3.61   0.000     .0443561    .1497317
         11  |   .0275061   .0266847     1.03   0.303    -.0248616    .0798738
         12  |  -.0025008     .02583    -0.10   0.923    -.0531913    .0481897
         13  |  -.0827558   .0254522    -3.25   0.001    -.1327049   -.0328067
         14  |  -.2207154   .0242119    -9.12   0.000    -.2682303   -.1732004
         15  |   .0219452    .025993     0.84   0.399    -.0290651    .0729555
         16  |  -.0022926    .027082    -0.08   0.933    -.0554401    .0508548
         17  |   .0831143   .0263547     3.15   0.002     .0313941    .1348346
         18  |   .0944117   .0264956     3.56   0.000     .0424151    .1464083
         19  |   .1129353   .0274905     4.11   0.000     .0589861    .1668845
         20  |   .1036311   .0261351     3.97   0.000     .0523419    .1549203
         21  |   .0744797   .0262883     2.83   0.005     .0228898    .1260695
         22  |   .0715823   .0262186     2.73   0.006     .0201293    .1230354
         23  |  -.0284425   .0251312    -1.13   0.258    -.0777616    .0208766
         24  |  -.0477804   .0262198    -1.82   0.069    -.0992358    .0036749
         25  |  -.0670526   .0253615    -2.64   0.008    -.1168237   -.0172814
         26  |  -.1548294   .0262403    -5.90   0.000     -.206325   -.1033338
         27  |  -.0039962   .0252534    -0.16   0.874     -.053555    .0455627
         28  |   .0482991   .0258811     1.87   0.062    -.0024915    .0990898
         29  |   .0887906   .0263723     3.37   0.001     .0370358    .1405453
         30  |   .0988149   .0268821     3.68   0.000     .0460596    .1515701
         31  |     .16125   .0268118     6.01   0.000     .1086329    .2138671
         32  |   .1347452   .0272726     4.94   0.000     .0812237    .1882668
         33  |    .134912   .0272468     4.95   0.000     .0814411    .1883829
         34  |   .0982967   .0263956     3.72   0.000     .0464963    .1500971
         35  |   .0170042   .0261987     0.65   0.516    -.0344099    .0684183
         36  |   -.031446   .0263007    -1.20   0.232    -.0830602    .0201682
         37  |  -.0526403   .0267256    -1.97   0.049    -.1050883   -.0001923
         38  |  -.1248872   .0259074    -4.82   0.000    -.1757295   -.0740449
         39  |   .0312846   .0261705     1.20   0.232     -.020074    .0826432
         40  |   .0155782   .0261877     0.59   0.552    -.0358143    .0669706
         41  |   .0684525   .0262846     2.60   0.009       .01687     .120035
         42  |   .0716721   .0270009     2.65   0.008     .0186838    .1246604
         43  |   .1332962   .0263758     5.05   0.000     .0815348    .1850577
         44  |   .0821201   .0270359     3.04   0.002     .0290631    .1351772
         45  |   .0631218   .0254477     2.48   0.013     .0131815     .113062
         46  |  -.0134951   .0266441    -0.51   0.613    -.0657831    .0387929
         47  |  -.0028619   .0255413    -0.11   0.911    -.0529857     .047262
         48  |  -.0837098   .0267187    -3.13   0.002    -.1361443   -.0312753
         49  |  -.0860444   .0258895    -3.32   0.001    -.1368516   -.0352372
         50  |  -.2108439   .0250768    -8.41   0.000    -.2600562   -.1616316
         51  |  -.0411233   .0261271    -1.57   0.116    -.0923969    .0101502
         52  |   -.001384   .0253017    -0.05   0.956    -.0510376    .0482697
         53  |   .0248273   .0257935     0.96   0.336    -.0257915    .0754461
         54  |    .017111   .0264778     0.65   0.518    -.0348507    .0690728
         55  |   .0409651   .0259612     1.58   0.115    -.0099828    .0919129
         56  |   .0040392   .0264923     0.15   0.879     -.047951    .0560294
         57  |  -.0294079   .0262799    -1.12   0.263    -.0809812    .0221654
         58  |   .0535631    .026919     1.99   0.047     .0007354    .1063907
         59  |   -.066619   .0266265    -2.50   0.013    -.1188725   -.0143655
         60  |  -.1239906   .0258192    -4.80   0.000    -.1746598   -.0733213
         61  |  -.1341656   .0246346    -5.45   0.000    -.1825102   -.0858211
         62  |  -.2561487   .0254401   -10.07   0.000    -.3060739   -.2062234
         63  |  -.1032579   .0252991    -4.08   0.000    -.1529065   -.0536093
         64  |  -.0894245   .0265785    -3.36   0.001    -.1415838   -.0372652
         65  |  -.0282946   .0264842    -1.07   0.286    -.0802689    .0236797
         66  |   .0035623   .0263013     0.14   0.892    -.0480531    .0551777
         67  |   .0138446   .0264208     0.52   0.600    -.0380052    .0656944
         68  |   -.049132   .0273232    -1.80   0.072    -.1027528    .0044888
         69  |  -.0631538   .0259131    -2.44   0.015    -.1140073   -.0123002
         70  |   -.060356   .0263098    -2.29   0.022    -.1119881   -.0087239
         71  |  -.1339326   .0269985    -4.96   0.000    -.1869162    -.080949
         72  |  -.1120292   .0271829    -4.12   0.000    -.1653747   -.0586836
         73  |  -.2136991   .0267501    -7.99   0.000    -.2661952   -.1612031
         74  |  -.3140817    .025831   -12.16   0.000    -.3647741   -.2633892
         75  |  -.1502244   .0262889    -5.71   0.000    -.2018154   -.0986333
         76  |  -.1900393   .0254383    -7.47   0.000    -.2399612   -.1401175
         77  |    -.06853   .0262548    -2.61   0.009    -.1200541   -.0170059
         78  |  -.0394433   .0267922    -1.47   0.141     -.092022    .0131353
         79  |   .0090186    .026429     0.34   0.733    -.0428474    .0608845
         80  |  -.0575684   .0267801    -2.15   0.032    -.1101234   -.0050134
         81  |  -.0932424   .0264697    -3.52   0.000    -.1451882   -.0412966
         82  |  -.0813421    .026811    -3.03   0.002    -.1339576   -.0287266
         83  |  -.1585428   .0264608    -5.99   0.000    -.2104712   -.1066143
         84  |  -.1367091   .0265104    -5.16   0.000    -.1887348   -.0846834
         85  |  -.2233483   .0256261    -8.72   0.000    -.2736385   -.1730581
         86  |   -.324285   .0260403   -12.45   0.000    -.3753882   -.2731819
         87  |  -.2458454   .0265441    -9.26   0.000    -.2979371   -.1937536
         88  |  -.2487321   .0254063    -9.79   0.000    -.2985911   -.1988732
         89  |  -.1898125   .0266108    -7.13   0.000    -.2420352   -.1375897
         90  |  -.1448813   .0266362    -5.44   0.000    -.1971539   -.0926087
         91  |   -.111376   .0268046    -4.16   0.000     -.163979   -.0587729
         92  |  -.1331711   .0262828    -5.07   0.000    -.1847501   -.0815922
         93  |  -.1751483     .02636    -6.64   0.000    -.2268788   -.1234178
         94  |  -.2160654   .0261962    -8.25   0.000    -.2674744   -.1646564
         95  |  -.2663913   .0257232   -10.36   0.000    -.3168721   -.2159106
         96  |  -.2356151   .0267892    -8.80   0.000    -.2881879   -.1830422
         97  |  -.3490876    .025692   -13.59   0.000    -.3995071    -.298668
         98  |  -.4082913    .025995   -15.71   0.000    -.4593055   -.3572771
         99  |  -.3977896   .0261666   -15.20   0.000    -.4491406   -.3464386
        100  |  -.2439793   .0260811    -9.35   0.000    -.2951626    -.192796
        101  |  -.2030425   .0257169    -7.90   0.000     -.253511   -.1525739
        102  |  -.2008828   .0259325    -7.75   0.000    -.2517744   -.1499912
        103  |  -.1737859    .025999    -6.68   0.000    -.2248079   -.1227638
        104  |  -.1830346   .0261592    -7.00   0.000    -.2343711   -.1316981
        105  |  -.2442881   .0265006    -9.22   0.000    -.2962946   -.1922817
        106  |  -.2062328   .0263029    -7.84   0.000    -.2578514   -.1546143
        107  |  -.3008798   .0268152   -11.22   0.000    -.3535036   -.2482559
        108  |  -.2453572   .0269206    -9.11   0.000    -.2981879   -.1925265
        109  |   -.325793   .0264296   -12.33   0.000    -.3776601    -.273926
        110  |  -.4589074   .0254305   -18.05   0.000    -.5088138    -.409001
        111  |  -.3006364   .0256657   -11.71   0.000    -.3510043   -.2502684
        112  |  -.2422109    .026361    -9.19   0.000    -.2939434   -.1904783
        113  |  -.1735089   .0265771    -6.53   0.000    -.2256655   -.1213522
        114  |  -.2015918   .0264322    -7.63   0.000    -.2534641   -.1497195
        115  |  -.1416264   .0277398    -5.11   0.000    -.1960647   -.0871881
        116  |  -.1704309   .0263508    -6.47   0.000    -.2221435   -.1187183
        117  |  -.1965273   .0265296    -7.41   0.000    -.2485907   -.1444638
        118  |  -.1648237   .0272444    -6.05   0.000    -.2182898   -.1113576
        119  |  -.2356301   .0263302    -8.95   0.000    -.2873022   -.1839581
        120  |  -.1631594    .026916    -6.06   0.000    -.2159812   -.1103377
        121  |   -.188905   .0272563    -6.93   0.000    -.2423945   -.1354156
        122  |   -.307193   .0274945   -11.17   0.000    -.3611499   -.2532361
        123  |  -.2380927   .0269896    -8.82   0.000    -.2910589   -.1851264
        124  |  -.2432009   .0272659    -8.92   0.000    -.2967092   -.1896926
        125  |  -.1151192   .0273157    -4.21   0.000    -.1687252   -.0615131
        126  |  -.1344267   .0260366    -5.16   0.000    -.1855227   -.0833308
        127  |  -.0890038   .0281099    -3.17   0.002    -.1441684   -.0338391
             |
       _cons |   .8653337   .0358674    24.13   0.000     .7949452    .9357222
-------------+----------------------------------------------------------------
     sigma_u |  .55086375
     sigma_e |  .56366165
         rho |  .48851869   (fraction of variance due to u_i)
------------------------------------------------------------------------------

. bacondecomp ihs_violent within2 mindistrb mindistrb2 , stub(Bacon_) robust  
Computing decomposition across 25 timing groups
including a never-treated group
maxvar too small
    You have attempted to use an interaction with too many levels or
    attempted to fit a model with too many variables.  You need to increase
    maxvar; it is currently 5000.  Use set maxvar; see help maxvar.

    If you are using factor variables and included an interaction that has
    lots of missing cells, either increase maxvar or set emptycells drop to
    reduce the required matrix size; see help set emptycells.

    If you are using factor variables, you might have accidentally treated a
    continuous variable as a categorical, resulting in lots of categories.
    Use the c. operator on such variables.
r(907);

end of do-file
r(907);
